2025-03-17 07:20:01 INFO  Utils:112 - [TestNG] Running:
  C:\Workspace\seleniumwebdriver\Opencartproject12\grouping.xml

2025-03-17 07:20:07 INFO  TCRegistrationTest_001_Account:14 - Starting TC001_AccountRegistrationTest
2025-03-17 07:20:07 INFO  TCRegistrationTest_001_Account:19 - Clicked on MyAccount Link.. 
2025-03-17 07:20:08 INFO  TCRegistrationTest_001_Account:21 - Clicked on MyAccount Link.. 
2025-03-17 07:20:08 INFO  TCRegistrationTest_001_Account:25 - Providing customer details...
2025-03-17 07:20:10 INFO  TCRegistrationTest_001_Account:38 - Validating expected message..
2025-03-17 07:20:10 INFO  TCRegistrationTest_001_Account:41 - Test passed
2025-03-17 07:20:10 INFO  TCRegistrationTest_001_Account:48 - ***** Finished TC001_AccountRegistrationTest *****
2025-03-17 07:20:14 INFO  TC_002_LoginTest:15 - **** Starting TC_002_LoginTest  ****
2025-03-17 07:20:15 INFO  TC_002_LoginTest:22 - clicked on myaccount link on the home page..
2025-03-17 07:20:15 INFO  TC_002_LoginTest:24 - clicked on login link under myaccount..
2025-03-17 07:20:15 INFO  TC_002_LoginTest:28 - Entering valid email and password..
2025-03-17 07:20:16 INFO  TC_002_LoginTest:32 - clicked on ligin button..
2025-03-17 07:20:16 INFO  TC_002_LoginTest:46 - **** Finished TC_002_LoginTest  ****
2025-03-17 07:23:43 INFO  Utils:112 - [TestNG] Running:
  C:\Workspace\seleniumwebdriver\Opencartproject12\grouping.xml

2025-03-17 07:23:50 INFO  TCRegistrationTest_001_Account:14 - Starting TC001_AccountRegistrationTest
2025-03-17 07:23:50 INFO  TCRegistrationTest_001_Account:19 - Clicked on MyAccount Link.. 
2025-03-17 07:23:51 INFO  TCRegistrationTest_001_Account:21 - Clicked on MyAccount Link.. 
2025-03-17 07:23:51 INFO  TCRegistrationTest_001_Account:25 - Providing customer details...
2025-03-17 07:23:53 INFO  TCRegistrationTest_001_Account:38 - Validating expected message..
2025-03-17 07:23:53 INFO  TCRegistrationTest_001_Account:41 - Test passed
2025-03-17 07:23:53 INFO  TCRegistrationTest_001_Account:48 - ***** Finished TC001_AccountRegistrationTest *****
2025-03-17 07:23:57 INFO  TC_002_LoginTest:15 - **** Starting TC_002_LoginTest  ****
2025-03-17 07:23:58 INFO  TC_002_LoginTest:22 - clicked on myaccount link on the home page..
2025-03-17 07:23:58 INFO  TC_002_LoginTest:24 - clicked on login link under myaccount..
2025-03-17 07:23:58 INFO  TC_002_LoginTest:28 - Entering valid email and password..
2025-03-17 07:23:59 INFO  TC_002_LoginTest:33 - clicked on ligin button..
2025-03-17 07:33:31 INFO  Utils:112 - [TestNG] Running:
  C:\Workspace\seleniumwebdriver\Opencartproject12\test-output\testng-failed.xml

2025-03-17 07:33:38 INFO  TC_002_LoginTest:15 - **** Starting TC_002_LoginTest  ****
2025-03-17 07:33:38 INFO  TC_002_LoginTest:22 - clicked on myaccount link on the home page..
2025-03-17 07:33:39 INFO  TC_002_LoginTest:24 - clicked on login link under myaccount..
2025-03-17 07:33:39 INFO  TC_002_LoginTest:28 - Entering valid email and password..
2025-03-17 07:33:40 INFO  TC_002_LoginTest:33 - clicked on ligin button..
2025-03-17 07:33:41 INFO  TC_002_LoginTest:47 - **** Finished TC_002_LoginTest  ****
2025-03-17 10:17:33 INFO  Utils:112 - [TestNG] Running:
  C:\Workspace\seleniumwebdriver\Opencartproject12\master.xml

2025-03-17 10:17:42 INFO  TC_003_LoginDDT:22 - **** Starting TC_003_LoginDDT *****
2025-03-17 10:17:45 INFO  TC_003_LoginDDT:72 - **** Finished TC_003_LoginDDT *****
2025-03-17 10:17:45 INFO  TC_003_LoginDDT:22 - **** Starting TC_003_LoginDDT *****
2025-03-17 10:17:49 INFO  TC_003_LoginDDT:22 - **** Starting TC_003_LoginDDT *****
2025-03-17 10:17:52 INFO  TC_003_LoginDDT:22 - **** Starting TC_003_LoginDDT *****
2025-03-17 10:18:04 INFO  TC_003_LoginDDT:72 - **** Finished TC_003_LoginDDT *****
2025-03-17 10:18:04 INFO  TC_003_LoginDDT:22 - **** Starting TC_003_LoginDDT *****
2025-03-17 10:18:07 INFO  TC_003_LoginDDT:72 - **** Finished TC_003_LoginDDT *****
2025-03-17 10:19:08 INFO  Utils:112 - [TestNG] Running:
  C:\Workspace\seleniumwebdriver\Opencartproject12\master.xml

2025-03-17 10:19:17 INFO  TCRegistrationTest_001_Account:14 - Starting TC001_AccountRegistrationTest
2025-03-17 10:19:17 INFO  TCRegistrationTest_001_Account:19 - Clicked on MyAccount Link.. 
2025-03-17 10:19:18 INFO  TCRegistrationTest_001_Account:21 - Clicked on MyAccount Link.. 
2025-03-17 10:19:18 INFO  TCRegistrationTest_001_Account:25 - Providing customer details...
2025-03-17 10:19:21 INFO  TCRegistrationTest_001_Account:38 - Validating expected message..
2025-03-17 10:19:21 INFO  TCRegistrationTest_001_Account:41 - Test passed
2025-03-17 10:19:21 INFO  TCRegistrationTest_001_Account:48 - ***** Finished TC001_AccountRegistrationTest *****
2025-03-17 10:19:27 INFO  TC_002_LoginTest:15 - **** Starting TC_002_LoginTest  ****
2025-03-17 10:19:28 INFO  TC_002_LoginTest:22 - clicked on myaccount link on the home page..
2025-03-17 10:19:28 INFO  TC_002_LoginTest:24 - clicked on login link under myaccount..
2025-03-17 10:19:28 INFO  TC_002_LoginTest:28 - Entering valid email and password..
2025-03-17 10:19:30 INFO  TC_002_LoginTest:33 - clicked on ligin button..
2025-03-17 10:19:30 INFO  TC_002_LoginTest:47 - **** Finished TC_002_LoginTest  ****
2025-03-17 10:21:14 INFO  Utils:112 - [TestNG] Running:
  C:\Workspace\seleniumwebdriver\Opencartproject12\master.xml

2025-03-17 10:21:20 INFO  TCRegistrationTest_001_Account:14 - Starting TC001_AccountRegistrationTest
2025-03-17 10:21:20 ERROR TCRegistrationTest_001_Account:43 - Test failed: no such element: Unable to locate element: {"method":"xpath","selector":"//span[normalize-space()='My Account']"}
  (Session info: chrome=134.0.6998.89)
For documentation on this error, please visit: https://www.selenium.dev/documentation/webdriver/troubleshooting/errors#no-such-element-exception
Build info: version: '4.29.0', revision: '5fc1ec94cb'
System info: os.name: 'Windows 11', os.arch: 'amd64', os.version: '10.0', java.version: '23.0.2'
Driver info: org.openqa.selenium.remote.RemoteWebDriver
Command: [68f919cc2d7fac73e49b8cd0772aed33, findElement {value=//span[normalize-space()='My Account'], using=xpath}]
Capabilities {acceptInsecureCerts: false, browserName: chrome, browserVersion: 134.0.6998.89, chrome: {chromedriverVersion: 134.0.6998.88 (7e3d5c978c6d..., userDataDir: C:\Users\sande\AppData\Loca...}, fedcm:accounts: true, goog:chromeOptions: {debuggerAddress: localhost:61720}, networkConnectionEnabled: false, pageLoadStrategy: normal, platformName: Windows 11, proxy: Proxy(), se:bidiEnabled: false, se:cdp: ws://192.168.1.8:4444/sessi..., se:cdpVersion: 134.0.6998.89, setWindowRect: true, strictFileInteractability: false, timeouts: {implicit: 0, pageLoad: 300000, script: 30000}, unhandledPromptBehavior: dismiss and notify, webauthn:extension:credBlob: true, webauthn:extension:largeBlob: true, webauthn:extension:minPinLength: true, webauthn:extension:prf: true, webauthn:virtualAuthenticators: true}
Session ID: 68f919cc2d7fac73e49b8cd0772aed33
2025-03-17 10:21:20 INFO  TCRegistrationTest_001_Account:48 - ***** Finished TC001_AccountRegistrationTest *****
2025-03-17 10:21:23 INFO  TC_002_LoginTest:15 - **** Starting TC_002_LoginTest  ****
2025-03-17 10:23:41 INFO  Utils:112 - [TestNG] Running:
  C:\Workspace\seleniumwebdriver\Opencartproject12\master.xml

2025-03-17 10:23:46 INFO  TCRegistrationTest_001_Account:14 - Starting TC001_AccountRegistrationTest
2025-03-17 10:23:46 ERROR TCRegistrationTest_001_Account:43 - Test failed: no such element: Unable to locate element: {"method":"xpath","selector":"//span[normalize-space()='My Account']"}
  (Session info: chrome=134.0.6998.89)
For documentation on this error, please visit: https://www.selenium.dev/documentation/webdriver/troubleshooting/errors#no-such-element-exception
Build info: version: '4.29.0', revision: '5fc1ec94cb'
System info: os.name: 'Windows 11', os.arch: 'amd64', os.version: '10.0', java.version: '23.0.2'
Driver info: org.openqa.selenium.remote.RemoteWebDriver
Command: [3081be67e99e21ef92e883b4182a8b52, findElement {using=xpath, value=//span[normalize-space()='My Account']}]
Capabilities {acceptInsecureCerts: false, browserName: chrome, browserVersion: 134.0.6998.89, chrome: {chromedriverVersion: 134.0.6998.88 (7e3d5c978c6d..., userDataDir: C:\Users\sande\AppData\Loca...}, fedcm:accounts: true, goog:chromeOptions: {debuggerAddress: localhost:60481}, networkConnectionEnabled: false, pageLoadStrategy: normal, platformName: Windows 11, proxy: Proxy(), se:bidiEnabled: false, se:cdp: ws://192.168.1.8:4444/sessi..., se:cdpVersion: 134.0.6998.89, setWindowRect: true, strictFileInteractability: false, timeouts: {implicit: 0, pageLoad: 300000, script: 30000}, unhandledPromptBehavior: dismiss and notify, webauthn:extension:credBlob: true, webauthn:extension:largeBlob: true, webauthn:extension:minPinLength: true, webauthn:extension:prf: true, webauthn:virtualAuthenticators: true}
Session ID: 3081be67e99e21ef92e883b4182a8b52
2025-03-17 10:23:46 INFO  TCRegistrationTest_001_Account:48 - ***** Finished TC001_AccountRegistrationTest *****
2025-03-17 10:23:49 INFO  TC_002_LoginTest:15 - **** Starting TC_002_LoginTest  ****
2025-03-17 10:30:01 INFO  Utils:112 - [TestNG] Running:
  C:\Workspace\seleniumwebdriver\Opencartproject12\master.xml

2025-03-17 10:30:06 INFO  TCRegistrationTest_001_Account:14 - Starting TC001_AccountRegistrationTest
2025-03-17 10:30:06 ERROR TCRegistrationTest_001_Account:43 - Test failed: no such element: Unable to locate element: {"method":"xpath","selector":"//span[normalize-space()='My Account']"}
  (Session info: chrome=134.0.6998.89)
For documentation on this error, please visit: https://www.selenium.dev/documentation/webdriver/troubleshooting/errors#no-such-element-exception
Build info: version: '4.29.0', revision: '5fc1ec94cb'
System info: os.name: 'Windows 11', os.arch: 'amd64', os.version: '10.0', java.version: '23.0.2'
Driver info: org.openqa.selenium.remote.RemoteWebDriver
Command: [c36cfafaf9174f587d509034eaf4fe76, findElement {value=//span[normalize-space()='My Account'], using=xpath}]
Capabilities {acceptInsecureCerts: false, browserName: chrome, browserVersion: 134.0.6998.89, chrome: {chromedriverVersion: 134.0.6998.88 (7e3d5c978c6d..., userDataDir: C:\Users\sande\AppData\Loca...}, fedcm:accounts: true, goog:chromeOptions: {debuggerAddress: localhost:60615}, networkConnectionEnabled: false, pageLoadStrategy: normal, platformName: Windows 11, proxy: Proxy(), se:bidiEnabled: false, se:cdp: ws://192.168.1.8:4444/sessi..., se:cdpVersion: 134.0.6998.89, setWindowRect: true, strictFileInteractability: false, timeouts: {implicit: 0, pageLoad: 300000, script: 30000}, unhandledPromptBehavior: dismiss and notify, webauthn:extension:credBlob: true, webauthn:extension:largeBlob: true, webauthn:extension:minPinLength: true, webauthn:extension:prf: true, webauthn:virtualAuthenticators: true}
Session ID: c36cfafaf9174f587d509034eaf4fe76
2025-03-17 10:30:06 INFO  TCRegistrationTest_001_Account:48 - ***** Finished TC001_AccountRegistrationTest *****
2025-03-17 10:30:09 INFO  TC_002_LoginTest:15 - **** Starting TC_002_LoginTest  ****
2025-03-17 19:56:08 INFO  Utils:112 - [TestNG] Running:
  C:\Workspace\seleniumwebdriver\Opencartproject12\grid.xml

2025-03-17 19:56:09 INFO  TCRegistrationTest_001_Account:14 - Starting TC001_AccountRegistrationTest
2025-03-17 19:56:09 ERROR TCRegistrationTest_001_Account:43 - Test failed: Cannot invoke "org.openqa.selenium.SearchContext.findElement(org.openqa.selenium.By)" because "this.searchContext" is null
2025-03-17 19:56:09 INFO  TCRegistrationTest_001_Account:48 - ***** Finished TC001_AccountRegistrationTest *****
2025-03-17 19:57:59 INFO  Utils:112 - [TestNG] Running:
  C:\Workspace\seleniumwebdriver\Opencartproject12\grid.xml

2025-03-17 19:59:28 INFO  Utils:112 - [TestNG] Running:
  C:\Workspace\seleniumwebdriver\Opencartproject12\grid.xml

2025-03-17 20:00:13 INFO  Utils:112 - [TestNG] Running:
  C:\Workspace\seleniumwebdriver\Opencartproject12\grid.xml

2025-03-17 20:00:13 INFO  TCRegistrationTest_001_Account:14 - Starting TC001_AccountRegistrationTest
2025-03-17 20:00:13 ERROR TCRegistrationTest_001_Account:43 - Test failed: Cannot invoke "org.openqa.selenium.SearchContext.findElement(org.openqa.selenium.By)" because "this.searchContext" is null
2025-03-17 20:00:13 INFO  TCRegistrationTest_001_Account:48 - ***** Finished TC001_AccountRegistrationTest *****
2025-03-17 20:02:13 INFO  Utils:112 - [TestNG] Running:
  C:\Workspace\seleniumwebdriver\Opencartproject12\grid.xml

2025-03-17 20:02:14 INFO  TCRegistrationTest_001_Account:14 - Starting TC001_AccountRegistrationTest
2025-03-17 20:02:14 ERROR TCRegistrationTest_001_Account:43 - Test failed: Cannot invoke "org.openqa.selenium.SearchContext.findElement(org.openqa.selenium.By)" because "this.searchContext" is null
2025-03-17 20:02:14 INFO  TCRegistrationTest_001_Account:48 - ***** Finished TC001_AccountRegistrationTest *****
2025-03-17 20:04:12 INFO  Utils:112 - [TestNG] Running:
  C:\Workspace\seleniumwebdriver\Opencartproject12\grid.xml

2025-03-17 20:04:16 INFO  TCRegistrationTest_001_Account:14 - Starting TC001_AccountRegistrationTest
2025-03-17 20:04:16 INFO  TCRegistrationTest_001_Account:19 - Clicked on MyAccount Link.. 
2025-03-17 20:04:17 INFO  TCRegistrationTest_001_Account:21 - Clicked on MyAccount Link.. 
2025-03-17 20:04:17 INFO  TCRegistrationTest_001_Account:25 - Providing customer details...
2025-03-17 20:04:18 INFO  TCRegistrationTest_001_Account:38 - Validating expected message..
2025-03-17 20:04:18 INFO  TCRegistrationTest_001_Account:41 - Test passed
2025-03-17 20:04:18 INFO  TCRegistrationTest_001_Account:48 - ***** Finished TC001_AccountRegistrationTest *****
2025-03-17 20:04:22 INFO  TC_002_LoginTest:15 - **** Starting TC_002_LoginTest  ****
2025-03-17 20:04:22 INFO  TC_002_LoginTest:22 - clicked on myaccount link on the home page..
2025-03-17 20:04:23 INFO  TC_002_LoginTest:24 - clicked on login link under myaccount..
2025-03-17 20:04:23 INFO  TC_002_LoginTest:28 - Entering valid email and password..
2025-03-17 20:04:23 INFO  TC_002_LoginTest:33 - clicked on ligin button..
2025-03-17 20:04:25 INFO  TC_002_LoginTest:47 - **** Finished TC_002_LoginTest  ****
2025-03-17 20:05:39 INFO  Utils:112 - [TestNG] Running:
  C:\Workspace\seleniumwebdriver\Opencartproject12\grid.xml

2025-03-17 20:05:43 INFO  TCRegistrationTest_001_Account:14 - Starting TC001_AccountRegistrationTest
2025-03-17 20:05:43 INFO  TCRegistrationTest_001_Account:19 - Clicked on MyAccount Link.. 
2025-03-17 20:05:44 INFO  TCRegistrationTest_001_Account:21 - Clicked on MyAccount Link.. 
2025-03-17 20:05:44 INFO  TCRegistrationTest_001_Account:25 - Providing customer details...
2025-03-17 20:05:45 INFO  TCRegistrationTest_001_Account:38 - Validating expected message..
2025-03-17 20:05:46 INFO  TCRegistrationTest_001_Account:41 - Test passed
2025-03-17 20:05:46 INFO  TCRegistrationTest_001_Account:48 - ***** Finished TC001_AccountRegistrationTest *****
2025-03-17 20:05:49 INFO  TC_002_LoginTest:15 - **** Starting TC_002_LoginTest  ****
2025-03-17 20:05:50 INFO  TC_002_LoginTest:22 - clicked on myaccount link on the home page..
2025-03-17 20:05:50 INFO  TC_002_LoginTest:24 - clicked on login link under myaccount..
2025-03-17 20:05:50 INFO  TC_002_LoginTest:28 - Entering valid email and password..
2025-03-17 20:05:50 INFO  TC_002_LoginTest:33 - clicked on ligin button..
2025-03-17 20:05:51 INFO  TC_002_LoginTest:47 - **** Finished TC_002_LoginTest  ****
2025-03-17 20:06:10 INFO  Utils:112 - [TestNG] Running:
  C:\Workspace\seleniumwebdriver\Opencartproject12\grid.xml

2025-03-17 20:06:10 INFO  TCRegistrationTest_001_Account:14 - Starting TC001_AccountRegistrationTest
2025-03-17 20:06:10 ERROR TCRegistrationTest_001_Account:43 - Test failed: Cannot invoke "org.openqa.selenium.SearchContext.findElement(org.openqa.selenium.By)" because "this.searchContext" is null
2025-03-17 20:06:10 INFO  TCRegistrationTest_001_Account:48 - ***** Finished TC001_AccountRegistrationTest *****
2025-03-17 20:14:29 INFO  Utils:112 - [TestNG] Running:
  C:\Workspace\seleniumwebdriver\Opencartproject12\grid.xml

2025-03-17 20:14:29 INFO  TCRegistrationTest_001_Account:14 - Starting TC001_AccountRegistrationTest
2025-03-17 20:14:29 ERROR TCRegistrationTest_001_Account:43 - Test failed: Cannot invoke "org.openqa.selenium.SearchContext.findElement(org.openqa.selenium.By)" because "this.searchContext" is null
2025-03-17 20:14:29 INFO  TCRegistrationTest_001_Account:48 - ***** Finished TC001_AccountRegistrationTest *****
2025-03-17 20:14:54 INFO  Utils:112 - [TestNG] Running:
  C:\Workspace\seleniumwebdriver\Opencartproject12\grid.xml

2025-03-17 20:14:55 INFO  TCRegistrationTest_001_Account:14 - Starting TC001_AccountRegistrationTest
2025-03-17 20:14:55 ERROR TCRegistrationTest_001_Account:43 - Test failed: Cannot invoke "org.openqa.selenium.SearchContext.findElement(org.openqa.selenium.By)" because "this.searchContext" is null
2025-03-17 20:14:55 INFO  TCRegistrationTest_001_Account:48 - ***** Finished TC001_AccountRegistrationTest *****
2025-03-17 20:15:33 INFO  Utils:112 - [TestNG] Running:
  C:\Workspace\seleniumwebdriver\Opencartproject12\grid.xml

2025-03-17 20:15:33 INFO  TCRegistrationTest_001_Account:14 - Starting TC001_AccountRegistrationTest
2025-03-17 20:15:33 ERROR TCRegistrationTest_001_Account:43 - Test failed: Cannot invoke "org.openqa.selenium.SearchContext.findElement(org.openqa.selenium.By)" because "this.searchContext" is null
2025-03-17 20:15:33 INFO  TCRegistrationTest_001_Account:48 - ***** Finished TC001_AccountRegistrationTest *****
2025-03-17 20:17:47 INFO  Utils:112 - [TestNG] Running:
  C:\Workspace\seleniumwebdriver\Opencartproject12\grid.xml

2025-03-17 20:17:48 INFO  TCRegistrationTest_001_Account:14 - Starting TC001_AccountRegistrationTest
2025-03-17 20:17:48 ERROR TCRegistrationTest_001_Account:43 - Test failed: Cannot invoke "org.openqa.selenium.SearchContext.findElement(org.openqa.selenium.By)" because "this.searchContext" is null
2025-03-17 20:17:48 INFO  TCRegistrationTest_001_Account:48 - ***** Finished TC001_AccountRegistrationTest *****
2025-03-17 20:20:48 INFO  Utils:112 - [TestNG] Running:
  C:\Workspace\seleniumwebdriver\Opencartproject12\grid.xml

2025-03-17 20:20:49 INFO  TCRegistrationTest_001_Account:14 - Starting TC001_AccountRegistrationTest
2025-03-17 20:20:49 ERROR TCRegistrationTest_001_Account:43 - Test failed: Cannot invoke "org.openqa.selenium.SearchContext.findElement(org.openqa.selenium.By)" because "this.searchContext" is null
2025-03-17 20:20:49 INFO  TCRegistrationTest_001_Account:48 - ***** Finished TC001_AccountRegistrationTest *****
2025-03-17 20:23:33 INFO  Utils:112 - [TestNG] Running:
  C:\Workspace\seleniumwebdriver\Opencartproject12\grid.xml

2025-03-17 20:23:33 INFO  TCRegistrationTest_001_Account:14 - Starting TC001_AccountRegistrationTest
2025-03-17 20:23:33 ERROR TCRegistrationTest_001_Account:43 - Test failed: Cannot invoke "org.openqa.selenium.SearchContext.findElement(org.openqa.selenium.By)" because "this.searchContext" is null
2025-03-17 20:23:33 INFO  TCRegistrationTest_001_Account:48 - ***** Finished TC001_AccountRegistrationTest *****
2025-03-17 20:24:18 INFO  Utils:112 - [TestNG] Running:
  C:\Workspace\seleniumwebdriver\Opencartproject12\grid.xml

2025-03-17 20:24:19 INFO  TCRegistrationTest_001_Account:14 - Starting TC001_AccountRegistrationTest
2025-03-17 20:24:19 ERROR TCRegistrationTest_001_Account:43 - Test failed: Cannot invoke "org.openqa.selenium.SearchContext.findElement(org.openqa.selenium.By)" because "this.searchContext" is null
2025-03-17 20:24:19 INFO  TCRegistrationTest_001_Account:48 - ***** Finished TC001_AccountRegistrationTest *****
2025-03-17 20:26:49 INFO  Utils:112 - [TestNG] Running:
  C:\Workspace\seleniumwebdriver\Opencartproject12\grid.xml

2025-03-17 20:26:53 INFO  TCRegistrationTest_001_Account:14 - Starting TC001_AccountRegistrationTest
2025-03-17 20:26:53 INFO  TCRegistrationTest_001_Account:19 - Clicked on MyAccount Link.. 
2025-03-17 20:26:54 INFO  TCRegistrationTest_001_Account:21 - Clicked on MyAccount Link.. 
2025-03-17 20:26:54 INFO  TCRegistrationTest_001_Account:25 - Providing customer details...
2025-03-17 20:26:55 INFO  TCRegistrationTest_001_Account:38 - Validating expected message..
2025-03-17 20:26:55 INFO  TCRegistrationTest_001_Account:41 - Test passed
2025-03-17 20:26:55 INFO  TCRegistrationTest_001_Account:48 - ***** Finished TC001_AccountRegistrationTest *****
2025-03-17 20:27:00 INFO  TC_002_LoginTest:15 - **** Starting TC_002_LoginTest  ****
2025-03-17 20:27:00 INFO  TC_002_LoginTest:22 - clicked on myaccount link on the home page..
2025-03-17 20:27:00 INFO  TC_002_LoginTest:24 - clicked on login link under myaccount..
2025-03-17 20:27:00 INFO  TC_002_LoginTest:28 - Entering valid email and password..
2025-03-17 20:27:00 INFO  TC_002_LoginTest:33 - clicked on ligin button..
2025-03-17 20:27:02 INFO  TC_002_LoginTest:47 - **** Finished TC_002_LoginTest  ****
2025-03-17 20:27:56 INFO  Utils:112 - [TestNG] Running:
  C:\Workspace\seleniumwebdriver\Opencartproject12\grid.xml

2025-03-17 20:27:56 INFO  TCRegistrationTest_001_Account:14 - Starting TC001_AccountRegistrationTest
2025-03-17 20:27:56 ERROR TCRegistrationTest_001_Account:43 - Test failed: Cannot invoke "org.openqa.selenium.SearchContext.findElement(org.openqa.selenium.By)" because "this.searchContext" is null
2025-03-17 20:27:56 INFO  TCRegistrationTest_001_Account:48 - ***** Finished TC001_AccountRegistrationTest *****
2025-03-17 20:32:04 INFO  Utils:112 - [TestNG] Running:
  C:\Workspace\seleniumwebdriver\Opencartproject12\grid.xml

2025-03-17 20:32:08 INFO  TCRegistrationTest_001_Account:14 - Starting TC001_AccountRegistrationTest
2025-03-17 20:32:08 INFO  TCRegistrationTest_001_Account:19 - Clicked on MyAccount Link.. 
2025-03-17 20:32:09 INFO  TCRegistrationTest_001_Account:21 - Clicked on MyAccount Link.. 
2025-03-17 20:32:09 INFO  TCRegistrationTest_001_Account:25 - Providing customer details...
2025-03-17 20:32:10 INFO  TCRegistrationTest_001_Account:38 - Validating expected message..
2025-03-17 20:32:10 INFO  TCRegistrationTest_001_Account:41 - Test passed
2025-03-17 20:32:10 INFO  TCRegistrationTest_001_Account:48 - ***** Finished TC001_AccountRegistrationTest *****
2025-03-17 20:32:14 INFO  TC_002_LoginTest:15 - **** Starting TC_002_LoginTest  ****
2025-03-17 20:32:14 INFO  TC_002_LoginTest:22 - clicked on myaccount link on the home page..
2025-03-17 20:32:14 INFO  TC_002_LoginTest:24 - clicked on login link under myaccount..
2025-03-17 20:32:14 INFO  TC_002_LoginTest:28 - Entering valid email and password..
2025-03-17 20:32:15 INFO  TC_002_LoginTest:33 - clicked on ligin button..
2025-03-17 20:32:15 INFO  TC_002_LoginTest:47 - **** Finished TC_002_LoginTest  ****
2025-03-17 20:32:39 INFO  Utils:112 - [TestNG] Running:
  C:\Workspace\seleniumwebdriver\Opencartproject12\grid.xml

2025-03-17 20:32:39 INFO  TCRegistrationTest_001_Account:14 - Starting TC001_AccountRegistrationTest
2025-03-17 20:32:39 ERROR TCRegistrationTest_001_Account:43 - Test failed: Cannot invoke "org.openqa.selenium.SearchContext.findElement(org.openqa.selenium.By)" because "this.searchContext" is null
2025-03-17 20:32:39 INFO  TCRegistrationTest_001_Account:48 - ***** Finished TC001_AccountRegistrationTest *****
2025-03-17 21:04:14 INFO  Utils:112 - [TestNG] Running:
  C:\Workspace\seleniumwebdriver\Opencartproject12\grid.xml

2025-03-17 21:04:14 INFO  TCRegistrationTest_001_Account:14 - Starting TC001_AccountRegistrationTest
2025-03-17 21:04:14 ERROR TCRegistrationTest_001_Account:43 - Test failed: Cannot invoke "org.openqa.selenium.SearchContext.findElement(org.openqa.selenium.By)" because "this.searchContext" is null
2025-03-17 21:04:14 INFO  TCRegistrationTest_001_Account:48 - ***** Finished TC001_AccountRegistrationTest *****
2025-03-17 21:11:25 INFO  Utils:112 - [TestNG] Running:
  C:\Workspace\seleniumwebdriver\Opencartproject12\grid.xml

2025-03-17 21:11:25 INFO  TCRegistrationTest_001_Account:14 - Starting TC001_AccountRegistrationTest
2025-03-17 21:11:25 ERROR TCRegistrationTest_001_Account:43 - Test failed: Cannot invoke "org.openqa.selenium.SearchContext.findElement(org.openqa.selenium.By)" because "this.searchContext" is null
2025-03-17 21:11:25 INFO  TCRegistrationTest_001_Account:48 - ***** Finished TC001_AccountRegistrationTest *****
2025-03-17 21:18:30 INFO  Utils:112 - [TestNG] Running:
  C:\Workspace\seleniumwebdriver\Opencartproject12\grid.xml

2025-03-17 21:18:30 INFO  TCRegistrationTest_001_Account:14 - Starting TC001_AccountRegistrationTest
2025-03-17 21:18:30 ERROR TCRegistrationTest_001_Account:43 - Test failed: Cannot invoke "org.openqa.selenium.SearchContext.findElement(org.openqa.selenium.By)" because "this.searchContext" is null
2025-03-17 21:18:30 INFO  TCRegistrationTest_001_Account:48 - ***** Finished TC001_AccountRegistrationTest *****
